<?xml version="1.0" encoding="UTF-8"?>
<!-- Generated by org.testng.reporters.JUnitXMLReporter -->
<testsuite hostname="LAPTOP-ONE5DOTD" ignored="0" name="login" tests="4" failures="0" timestamp="2022-02-23T18:37:24 PST" time="17.893" errors="0">
  <testcase name="loginerror" time="3.085" classname="SFDClogin.LoginErrorMessage1"/>
  <testcase name="loginsalesforce" time="3.885" classname="SFDClogin.LoginToSalesForce2"/>
  <testcase name="checkrememberme" time="6.77" classname="SFDClogin.CheckRememberMe3"/>
  <testcase name="forgotoassWord" time="4.113" classname="SFDClogin.ForgotPassWord4A"/>
</testsuite> <!-- login -->
